<?xml version="1.0" encoding="UTF-8"?>
<!-- Generated by org.testng.reporters.JUnitXMLReporter -->
<testsuite ignored="0" hostname="i-3567" failures="0" tests="7" name="ChromeTests" time="158.4" errors="0" timestamp="2024-07-31T18:10:23 IST">
  <testcase classname="com.douglas.testcases.searchTest" name="Step01_NavigetessToURL" time="6.7"/>
  <testcase classname="com.douglas.testcases.searchTest" name="Step02_HandlingCookies" time="3.199"/>
  <testcase classname="com.douglas.testcases.searchTest" name="Step03_ClikonParfum" time="6.413"/>
  <testcase classname="com.douglas.testcases.searchTest" name="Step03_viewHighlight" time="2.369"/>
  <testcase classname="com.douglas.testcases.searchTest" name="testWithExcelData" time="48.378"/>
  <testcase classname="com.douglas.testcases.searchTest" name="testWithExcelData" time="48.494"/>
  <testcase classname="com.douglas.testcases.searchTest" name="testWithExcelData" time="39.944"/>
</testsuite> <!-- ChromeTests -->
