<?xml version="1.0" encoding="UTF-8"?>
<testng-results ignored="0" total="0" passed="0" failed="0" skipped="0">
  <reporter-output>
  </reporter-output>
  <suite started-at="2024-07-28T22:04:03 IST" name="com.douglas.testcases.searchTest" finished-at="2024-07-28T22:04:03 IST" duration-ms="5">
    <groups>
    </groups>
    <test started-at="2024-07-28T22:04:03 IST" name="Command line test" finished-at="2024-07-28T22:04:03 IST" duration-ms="5">
    </test> <!-- Command line test -->
  </suite> <!-- com.douglas.testcases.searchTest -->
</testng-results>
