<?xml version="1.0" encoding="UTF-8" ?>
<testsuite tests="9" failures="1" name="com.douglas.testcases.searchTest" time="0.629" errors="0" skipped="8">
  <properties>
[...]
</properties>
  <testcase classname="com.douglas.testcases.searchTest" name="setUp" time="0.627">
    <failure message="
Parameter &apos;browser&apos; is required by BeforeTest on method setUp but has not been marked @Optional or defined
" type="org.testng.TestNGException">org.testng.TestNGException: 
Parameter &apos;browser&apos; is required by BeforeTest on method setUp but has not been marked @Optional or defined
	at org.testng.internal.Parameters.createParams(Parameters.java:272)
	at org.testng.internal.Parameters.createParametersForMethod(Parameters.java:360)
	at org.testng.internal.Parameters.createParameters(Parameters.java:704)
	at org.testng.internal.Parameters.createConfigurationParameters(Parameters.java:166)
	at org.testng.internal.ConfigInvoker.invokeConfigurations(ConfigInvoker.java:283)
	at org.testng.TestRunner.invokeTestConfigurations(TestRunner.java:619)
	at org.testng.TestRunner.beforeRun(TestRunner.java:609)
	at org.testng.TestRunner.run(TestRunner.java:580)
	at org.testng.SuiteRunner.runTest(SuiteRunner.java:384)
	at org.testng.SuiteRunner.runSequentially(SuiteRunner.java:378)
	at org.testng.SuiteRunner.privateRun(SuiteRunner.java:337)
	at org.testng.SuiteRunner.run(SuiteRunner.java:286)
	at org.testng.SuiteRunnerWorker.runSuite(SuiteRunnerWorker.java:53)
	at org.testng.SuiteRunnerWorker.run(SuiteRunnerWorker.java:96)
	at org.testng.TestNG.runSuitesSequentially(TestNG.java:1187)
	at org.testng.TestNG.runSuitesLocally(TestNG.java:1109)
	at org.testng.TestNG.runSuites(TestNG.java:1039)
	at org.testng.TestNG.run(TestNG.java:1007)
	at org.apache.maven.surefire.testng.TestNGExecutor.run(TestNGExecutor.java:77)
	at org.apache.maven.surefire.testng.TestNGDirectoryTestSuite.execute(TestNGDirectoryTestSuite.java:110)
	at org.apache.maven.surefire.testng.TestNGProvider.invoke(TestNGProvider.java:106)
	at java.base/jdk.internal.reflect.NativeMethodAccessorImpl.invoke0(Native Method)
	at java.base/jdk.internal.reflect.NativeMethodAccessorImpl.invoke(NativeMethodAccessorImpl.java:77)
	at java.base/jdk.internal.reflect.DelegatingMethodAccessorImpl.invoke(DelegatingMethodAccessorImpl.java:43)
	at java.base/java.lang.reflect.Method.invoke(Method.java:568)
	at org.apache.maven.surefire.util.ReflectionUtils.invokeMethodWithArray(ReflectionUtils.java:189)
	at org.apache.maven.surefire.booter.ProviderFactory$ProviderProxy.invoke(ProviderFactory.java:165)
	at org.apache.maven.surefire.booter.ProviderFactory.invokeProvider(ProviderFactory.java:85)
	at org.apache.maven.surefire.booter.ForkedBooter.runSuitesInProcess(ForkedBooter.java:115)
	at org.apache.maven.surefire.booter.ForkedBooter.main(ForkedBooter.java:75)
</failure>
    <system-out>Configuring TestNG with: org.apache.maven.surefire.testng.conf.TestNG652Configurator@7a765367
</system-out>
  </testcase>
  <testcase classname="com.douglas.testcases.searchTest" name="Step01_NavigetessToURL" time="0.001">
    <skipped/>
  </testcase>
  <testcase classname="com.douglas.testcases.searchTest" name="Step02_HandlingCookies" time="0">
    <skipped/>
  </testcase>
  <testcase classname="com.douglas.testcases.searchTest" name="Step03_ClikonParfum" time="0">
    <skipped/>
  </testcase>
  <testcase classname="com.douglas.testcases.searchTest" name="Step03_viewHighlight" time="0">
    <skipped/>
  </testcase>
  <testcase classname="com.douglas.testcases.searchTest" name="testWithExcelData" time="0">
    <skipped/>
  </testcase>
  <testcase classname="com.douglas.testcases.searchTest" name="testWithExcelData" time="0">
    <skipped/>
  </testcase>
  <testcase classname="com.douglas.testcases.searchTest" name="testWithExcelData" time="0">
    <skipped/>
  </testcase>
  <testcase classname="com.douglas.testcases.searchTest" name="tearDown" time="0.001">
    <skipped/>
  </testcase>
</testsuite>