<?xml version="1.0" encoding="UTF-8"?>
<!-- Generated by org.testng.reporters.JUnitXMLReporter -->
<testsuite ignored="0" hostname="i-3567" failures="0" tests="7" name="Command line test" time="0.533" errors="0" timestamp="2024-07-31T14:40:46 IST">
  <testcase classname="com.douglas.testcases.BaseTestclass" name="@BeforeTest setUp" time="-1.722417045455E9">
    <failure type="org.testng.TestNGException" message="
Parameter &amp;apos;browser&amp;apos; is required by BeforeTest on method setUp but has not been marked @Optional or defined
">
      <![CDATA[org.testng.TestNGException: 
Parameter 'browser' is required by BeforeTest on method setUp but has not been marked @Optional or defined

... Removed 30 stack frames]]>
    </failure>
  </testcase> <!-- @BeforeTest setUp -->
  <testcase classname="com.douglas.testcases.BaseTestclass" name="@AfterTest tearDown" time="-1.722417045984E9">
    <skipped/>
  </testcase> <!-- @AfterTest tearDown -->
  <testcase classname="com.douglas.testcases.searchTest" name="Step01_NavigetessToURL" time="0.0">
    <skipped/>
  </testcase> <!-- Step01_NavigetessToURL -->
  <testcase classname="com.douglas.testcases.searchTest" name="Step02_HandlingCookies" time="0.0">
    <skipped/>
  </testcase> <!-- Step02_HandlingCookies -->
  <testcase classname="com.douglas.testcases.searchTest" name="Step03_ClikonParfum" time="0.0">
    <skipped/>
  </testcase> <!-- Step03_ClikonParfum -->
  <testcase classname="com.douglas.testcases.searchTest" name="Step03_viewHighlight" time="0.0">
    <skipped/>
  </testcase> <!-- Step03_viewHighlight -->
  <testcase classname="com.douglas.testcases.searchTest" name="testWithExcelData" time="0.0">
    <skipped/>
  </testcase> <!-- testWithExcelData -->
  <testcase classname="com.douglas.testcases.searchTest" name="testWithExcelData" time="0.0">
    <skipped/>
  </testcase> <!-- testWithExcelData -->
  <testcase classname="com.douglas.testcases.searchTest" name="testWithExcelData" time="0.0">
    <skipped/>
  </testcase> <!-- testWithExcelData -->
</testsuite> <!-- Command line test -->
